Python version: 3.13.2 (main, Feb  4 2025, 14:51:09) [Clang 16.0.0 (clang-1600.0.26.6)]
Platform: macOS-15.3.2-arm64-i386-64bit-Mach-O
Tkinter version: 9.0
Environment variables: :0
Current working directory: /Users/jdlien/code/lego-label-search
Importing macOS-specific modules
Starting Lego Parts Search application
Initializing LegoPartsSearch application
Tkinter root window initialized
Loaded preferences: {'search_term': 'brick', 'category': 'All Categories', 'has_labels': False, 'show_category': False, 'show_material': False, 'show_label_file': True, 'label_files_root': '/Users/jdlien/Library/Mobile Documents/com~apple~CloudDocs/Lego/LEGO_BRICK_LABELS-v40/Labels'}
Debug mode disabled, no debug label shown
Added macOS-specific window commands
UI Update: Window configured
Connecting to database at: /Users/jdlien/bin/lego-data/lego.sqlite
Database connection established
UI Update: Database connected
Loaded 68 categories
Creating UI widgets
Search frame created
Search label created
Search entry created
Category label created
Category dropdown created
Has labels checkbox created
Search trace added
Column visibility controls created
Results frame created
Initial treeview created
Status bar created
UI widgets created successfully
UI Update: UI created successfully
Searching for: 'brick' in category ID: 0, has_labels: False
Filled treeview with 1000 results
Found 1000 results for 'brick'
Searching for: 'brick' in category ID: 0, has_labels: False
Filled treeview with 1000 results
Found 1000 results for 'brick'
Applied preferences to UI
Layout manager configured
Initial focus set
Application initialized successfully
UI Update: Ready
Raising window and calling lift()
Attempting macOS window activation
macOS activation script executed
Entering Tkinter mainloop
2025-03-22 20:18:21.981 Python[40721:27803186] +[IMKClient subclass]: chose IMKClient_Modern
2025-03-22 20:18:21.981 Python[40721:27803186] +[IMKInputSession subclass]: chose IMKInputSession_Modern
Application closing, cleaning up resources
Preferences saved: {'search_term': 'brick', 'category': 'All Categories', 'has_labels': False, 'show_category': False, 'show_material': False, 'show_label_file': True, 'label_files_root': '/Users/jdlien/Library/Mobile Documents/com~apple~CloudDocs/Lego/LEGO_BRICK_LABELS-v40/Labels'}
Database connection closed
Exited mainloop
